2024-11-14T11:35:26.153Z [INFO]: Server is running successfully on PORT 8080
2024-11-14T11:36:49.656Z [INFO]: Received GET request for /api/v1/users/all
2024-11-14T11:36:49.658Z [INFO]: Fetching all users
2024-11-14T11:41:51.413Z [INFO]: Received GET request for /api/v1/products?page=1&limit=30
2024-11-14T11:41:51.452Z [INFO]: Fetching all products with pagination
2024-11-14T11:41:53.775Z [INFO]: Received GET request for /api/v1/products?page=1&limit=30
2024-11-14T11:41:53.779Z [INFO]: Fetching all products with pagination
2024-11-14T11:42:14.575Z [INFO]: Received GET request for /api/v1/products?page=2&limit=30
2024-11-14T11:42:14.601Z [INFO]: Fetching all products with pagination
2024-11-14T11:42:28.985Z [INFO]: Received GET request for /api/v1/products?page=1&limit=30
2024-11-14T11:42:29.006Z [INFO]: Fetching all products with pagination
2024-11-14T11:42:33.388Z [INFO]: Received GET request for /api/v1/products?page=1&limit=30
2024-11-14T11:42:33.393Z [INFO]: Fetching all products with pagination
2024-11-14T11:42:35.292Z [INFO]: Received GET request for /api/v1/products?page=1&limit=30
2024-11-14T11:42:35.294Z [INFO]: Fetching all products with pagination
2024-11-14T11:44:21.649Z [INFO]: Received GET request for /api/v1/products?page=1&limit=30
2024-11-14T11:44:21.651Z [INFO]: Fetching all products with pagination
2024-11-14T11:44:22.401Z [INFO]: Received POST request for /api/v1/users
2024-11-14T11:44:22.402Z [INFO]: Creating a new user
2024-11-14T11:44:23.302Z [INFO]: Received GET request for /api/v1/products?page=1&limit=30
2024-11-14T11:44:23.303Z [INFO]: Fetching all products with pagination
2024-11-14T11:45:04.271Z [INFO]: Received GET request for /api/v1/products?page=1&limit=30
2024-11-14T11:45:04.273Z [INFO]: Fetching all products with pagination
2024-11-14T11:45:09.727Z [INFO]: Received GET request for /api/v1/products?page=1&limit=30
2024-11-14T11:45:09.730Z [INFO]: Fetching all products with pagination
2024-11-14T11:45:09.740Z [INFO]: Received POST request for /api/v1/products/likes/product/like
2024-11-14T11:45:09.760Z [INFO]: Liking a product
2024-11-14T11:45:16.497Z [INFO]: Received GET request for /api/v1/products?page=2&limit=30
2024-11-14T11:45:16.500Z [INFO]: Fetching all products with pagination
2024-11-14T11:45:42.729Z [INFO]: Received GET request for /api/v1/products?page=1&limit=30
2024-11-14T11:45:42.731Z [INFO]: Fetching all products with pagination
2024-11-14T11:45:44.629Z [INFO]: Received GET request for /api/v1/products?page=1&limit=30
2024-11-14T11:45:44.629Z [INFO]: Fetching all products with pagination
2024-11-14T11:45:46.273Z [INFO]: Received GET request for /api/v1/products?page=2&limit=30
2024-11-14T11:45:46.274Z [INFO]: Fetching all products with pagination
2024-11-14T11:48:47.248Z [INFO]: Received GET request for /api/v1/categories
2024-11-14T11:48:47.254Z [INFO]: Fetching all categories
2024-11-14T11:50:42.477Z [INFO]: Received POST request for /api/v1/products
2024-11-14T11:50:42.479Z [INFO]: Creating a new product
2024-11-14T11:51:01.707Z [INFO]: Received GET request for /api/v1/products?page=1&limit=30
2024-11-14T11:51:01.708Z [INFO]: Fetching all products with pagination
2024-11-14T11:51:03.212Z [INFO]: Received GET request for /api/v1/products?page=2&limit=30
2024-11-14T11:51:03.213Z [INFO]: Fetching all products with pagination
2024-11-14T11:52:21.661Z [INFO]: Received POST request for /api/v1/products
2024-11-14T11:52:21.663Z [INFO]: Creating a new product
2024-11-14T11:52:39.952Z [INFO]: Received GET request for /api/v1/products?page=1&limit=30
2024-11-14T11:52:39.952Z [INFO]: Fetching all products with pagination
2024-11-14T11:52:41.434Z [INFO]: Received GET request for /api/v1/products?page=2&limit=30
2024-11-14T11:52:41.434Z [INFO]: Fetching all products with pagination
2024-11-14T11:53:34.354Z [INFO]: Received DELETE request for /api/v1/products/671c3d7e93dec02742aaa73d
2024-11-14T11:53:34.371Z [INFO]: Deleting a product by ID
2024-11-14T12:06:12.146Z [INFO]: Received GET request for /api/v1/products?page=1&limit=30
2024-11-14T12:06:12.158Z [INFO]: Fetching all products with pagination
2024-11-14T12:06:32.004Z [INFO]: Received GET request for /api/v1/products?page=1&limit=30
2024-11-14T12:06:32.008Z [INFO]: Fetching all products with pagination
2024-11-14T12:06:53.970Z [INFO]: Received GET request for /api/v1/products?page=1&limit=30
2024-11-14T12:06:53.971Z [INFO]: Fetching all products with pagination
2024-11-14T12:07:18.001Z [INFO]: Received GET request for /api/v1/products?page=1&limit=30
2024-11-14T12:07:18.021Z [INFO]: Fetching all products with pagination
2024-11-14T12:07:45.748Z [INFO]: Received GET request for /api/v1/products?page=1&limit=30
2024-11-14T12:07:45.750Z [INFO]: Fetching all products with pagination
2024-11-14T12:08:20.808Z [INFO]: Received GET request for /api/v1/products?page=1&limit=30
2024-11-14T12:08:20.822Z [INFO]: Fetching all products with pagination
2024-11-14T12:08:25.386Z [INFO]: Received GET request for /api/v1/products?page=2&limit=30
2024-11-14T12:08:25.387Z [INFO]: Fetching all products with pagination
2024-11-14T12:08:56.922Z [INFO]: Received GET request for /api/v1/products?page=1&limit=30
2024-11-14T12:08:56.949Z [INFO]: Fetching all products with pagination
2024-11-14T12:08:58.505Z [INFO]: Received GET request for /api/v1/products?page=2&limit=30
2024-11-14T12:08:58.507Z [INFO]: Fetching all products with pagination
2024-11-14T12:17:13.966Z [INFO]: Received GET request for /api/v1/products?page=1&limit=30
2024-11-14T12:17:13.987Z [INFO]: Fetching all products with pagination
2024-11-14T12:17:16.925Z [INFO]: Received GET request for /api/v1/products?page=2&limit=30
2024-11-14T12:17:16.928Z [INFO]: Fetching all products with pagination
2024-11-14T12:24:32.510Z [INFO]: Received GET request for /api/v1/products?page=1&limit=30
2024-11-14T12:24:32.516Z [INFO]: Fetching all products with pagination
2024-11-14T12:24:40.179Z [INFO]: Received GET request for /api/v1/products?page=2&limit=30
2024-11-14T12:24:40.179Z [INFO]: Fetching all products with pagination
2024-11-14T12:29:37.977Z [INFO]: Received GET request for /api/v1/products?page=1&limit=30
2024-11-14T12:29:37.980Z [INFO]: Fetching all products with pagination
2024-11-14T12:29:58.171Z [INFO]: Received GET request for /api/v1/products?page=1&limit=30
2024-11-14T12:29:58.173Z [INFO]: Fetching all products with pagination
2024-11-14T12:30:20.201Z [INFO]: Received GET request for /api/v1/products?page=1&limit=30
2024-11-14T12:30:20.203Z [INFO]: Fetching all products with pagination
2024-11-14T12:30:44.219Z [INFO]: Received GET request for /api/v1/products?page=1&limit=30
2024-11-14T12:30:44.219Z [INFO]: Fetching all products with pagination
2024-11-14T12:31:22.863Z [INFO]: Received GET request for /api/v1/products?page=1&limit=30
2024-11-14T12:31:22.863Z [INFO]: Fetching all products with pagination
2024-11-14T12:31:42.916Z [INFO]: Received GET request for /api/v1/products?page=1&limit=30
2024-11-14T12:31:42.923Z [INFO]: Fetching all products with pagination
2024-11-14T12:31:43.987Z [INFO]: Received GET request for /api/v1/products?page=1&limit=30
2024-11-14T12:31:43.988Z [INFO]: Fetching all products with pagination
2024-11-14T12:32:05.907Z [INFO]: Received GET request for /api/v1/products?page=1&limit=30
2024-11-14T12:32:05.909Z [INFO]: Fetching all products with pagination
2024-11-14T12:32:29.980Z [INFO]: Received GET request for /api/v1/products?page=1&limit=30
2024-11-14T12:32:29.983Z [INFO]: Fetching all products with pagination
2024-11-14T12:32:36.317Z [INFO]: Received GET request for /api/v1/products?page=2&limit=30
2024-11-14T12:32:36.318Z [INFO]: Fetching all products with pagination
2024-11-14T12:37:53.286Z [INFO]: Received GET request for /api/v1/products?page=1&limit=30
2024-11-14T12:37:53.299Z [INFO]: Fetching all products with pagination
2024-11-14T12:37:57.364Z [INFO]: Received GET request for /api/v1/products?page=2&limit=30
2024-11-14T12:37:57.364Z [INFO]: Fetching all products with pagination
2024-11-14T12:40:05.554Z [INFO]: Server is running successfully on PORT 8080
2024-11-14T20:54:09.331Z [INFO]: Server is running successfully on PORT 8080
2024-11-14T21:04:48.777Z [INFO]: Server is running successfully on PORT 8080
2024-11-14T21:08:15.786Z [INFO]: Received GET request for /api/v1/products?page=1&limit=30
2024-11-14T21:08:15.795Z [INFO]: Fetching all products with pagination
2024-11-14T21:08:19.925Z [INFO]: Received POST request for /api/v1/users
2024-11-14T21:08:19.926Z [INFO]: Creating a new user
2024-11-14T21:08:24.204Z [INFO]: Received GET request for /api/v1/products?page=1&limit=30
2024-11-14T21:08:24.205Z [INFO]: Fetching all products with pagination
2024-11-14T21:08:49.975Z [INFO]: Received GET request for /api/v1/products?page=1&limit=30
2024-11-14T21:08:49.979Z [INFO]: Fetching all products with pagination
2024-11-14T21:08:50.222Z [INFO]: Received POST request for /api/v1/products/likes/product/like
2024-11-14T21:08:50.230Z [INFO]: Liking a product
2024-11-14T21:08:56.572Z [INFO]: Received GET request for /api/v1/products?page=1&limit=30
2024-11-14T21:08:56.573Z [INFO]: Fetching all products with pagination
2024-11-14T21:08:56.579Z [INFO]: Received POST request for /api/v1/products/likes/product/like
2024-11-14T21:08:56.581Z [INFO]: Liking a product
2024-11-14T21:09:23.861Z [INFO]: Received GET request for /api/v1/products?page=1&limit=30
2024-11-14T21:09:23.861Z [INFO]: Fetching all products with pagination
2024-11-14T21:09:23.866Z [INFO]: Received POST request for /api/v1/products/likes/product/like
2024-11-14T21:09:23.866Z [INFO]: Liking a product
2024-11-14T21:09:26.827Z [INFO]: Received POST request for /api/v1/products/likes/product/like
2024-11-14T21:09:26.828Z [INFO]: Liking a product
2024-11-14T21:51:35.084Z [INFO]: Received POST request for /api/v1/products
2024-11-14T21:51:35.092Z [INFO]: Creating a new product
2024-11-14T21:51:57.267Z [INFO]: Received GET request for /api/v1/products?page=1&limit=30
2024-11-14T21:51:57.268Z [INFO]: Fetching all products with pagination
2024-11-14T21:52:01.650Z [INFO]: Received GET request for /api/v1/products?page=1&limit=30
2024-11-14T21:52:01.651Z [INFO]: Fetching all products with pagination
2024-11-14T21:59:06.850Z [INFO]: Received GET request for /api/v1/products?page=1&limit=30
2024-11-14T21:59:06.853Z [INFO]: Fetching all products with pagination
2024-11-14T22:18:55.713Z [INFO]: Received GET request for /api/v1/products?page=1&limit=15
2024-11-14T22:18:55.715Z [INFO]: Fetching all products with pagination
2024-11-14T22:20:12.533Z [INFO]: Received DELETE request for /api/v1/products/6735e4750d5b9b5a7e2aee34
2024-11-14T22:20:12.547Z [INFO]: Deleting a product by ID
2024-11-14T22:24:12.699Z [INFO]: Received DELETE request for /api/v1/products/6735e4120d5b9b5a7e2aee33
2024-11-14T22:24:12.702Z [INFO]: Deleting a product by ID
2024-11-14T22:24:20.161Z [INFO]: Received GET request for /api/v1/products?page=1&limit=30
2024-11-14T22:24:20.162Z [INFO]: Fetching all products with pagination
2024-11-14T22:24:51.509Z [INFO]: Received GET request for /api/v1/products?page=1&limit=30
2024-11-14T22:24:51.512Z [INFO]: Fetching all products with pagination
2024-11-14T22:24:54.196Z [INFO]: Received GET request for /api/v1/products?page=1&limit=30
2024-11-14T22:24:54.196Z [INFO]: Fetching all products with pagination
2024-11-14T22:28:27.034Z [INFO]: Received GET request for /api/v1/products?page=1&limit=30
2024-11-14T22:28:27.040Z [INFO]: Fetching all products with pagination
2024-11-14T22:28:29.286Z [INFO]: Received GET request for /api/v1/products?page=1&limit=30
2024-11-14T22:28:29.287Z [INFO]: Fetching all products with pagination
2024-11-14T22:28:29.340Z [INFO]: Received POST request for /api/v1/users
2024-11-14T22:28:29.343Z [INFO]: Creating a new user
2024-11-18T15:28:12.306Z [INFO]: Server is running successfully on PORT 8080
2024-11-18T15:28:47.237Z [INFO]: Received GET request for /api/v1/products?page=1&limit=30
2024-11-18T15:28:47.250Z [INFO]: Fetching all products with pagination
2024-11-18T15:28:51.426Z [INFO]: Received GET request for /api/v1/products?page=1&limit=30
2024-11-18T15:28:51.428Z [INFO]: Fetching all products with pagination
2024-11-18T15:29:16.384Z [INFO]: Received GET request for /api/v1/products?page=1&limit=30
2024-11-18T15:29:16.395Z [INFO]: Fetching all products with pagination
2024-11-18T15:29:34.098Z [INFO]: Received GET request for /api/v1/categories
2024-11-18T15:29:34.109Z [INFO]: Fetching all categories
2024-11-18T15:29:44.008Z [INFO]: Received GET request for /api/v1/products?page=1&limit=30
2024-11-18T15:29:44.010Z [INFO]: Fetching all products with pagination
2024-11-18T15:29:45.371Z [INFO]: Received GET request for /api/v1/products?page=1&limit=30
2024-11-18T15:29:45.371Z [INFO]: Fetching all products with pagination
2024-11-18T15:29:52.207Z [INFO]: Received GET request for /api/v1/products?page=2&limit=30
2024-11-18T15:29:52.210Z [INFO]: Fetching all products with pagination
2024-11-18T15:30:07.060Z [INFO]: Received GET request for /api/v1/categories
2024-11-18T15:30:07.060Z [INFO]: Fetching all categories
2024-11-18T15:30:16.086Z [INFO]: Received GET request for /api/v1/products?page=1&limit=30
2024-11-18T15:30:16.089Z [INFO]: Fetching all products with pagination
2024-11-18T15:30:17.685Z [INFO]: Received GET request for /api/v1/products?page=1&limit=30
2024-11-18T15:30:17.685Z [INFO]: Fetching all products with pagination
2024-11-18T15:30:42.175Z [INFO]: Received GET request for /api/v1/products?page=1&limit=30
2024-11-18T15:30:42.175Z [INFO]: Fetching all products with pagination
2024-11-18T15:30:43.517Z [INFO]: Received GET request for /api/v1/products?page=1&limit=30
2024-11-18T15:30:43.517Z [INFO]: Fetching all products with pagination
2024-11-18T15:31:33.218Z [INFO]: Received GET request for /api/v1/products?page=1&limit=30
2024-11-18T15:31:33.221Z [INFO]: Fetching all products with pagination
2024-11-18T15:31:34.552Z [INFO]: Received GET request for /api/v1/products?page=1&limit=30
2024-11-18T15:31:34.553Z [INFO]: Fetching all products with pagination
2024-11-18T15:31:53.714Z [INFO]: Received GET request for /api/v1/products?page=1&limit=30
2024-11-18T15:31:53.716Z [INFO]: Fetching all products with pagination
2024-11-18T15:31:54.125Z [INFO]: Received POST request for /api/v1/users
2024-11-18T15:31:54.126Z [INFO]: Creating a new user
2024-11-18T15:31:55.109Z [INFO]: Received GET request for /api/v1/products?page=1&limit=30
2024-11-18T15:31:55.109Z [INFO]: Fetching all products with pagination
2024-11-18T15:32:40.080Z [INFO]: Received GET request for /api/v1/products?page=1&limit=30
2024-11-18T15:32:40.082Z [INFO]: Fetching all products with pagination
2024-11-18T15:32:40.096Z [INFO]: Received POST request for /api/v1/products/likes/product/like
2024-11-18T15:32:40.098Z [INFO]: Liking a product
2024-11-18T15:33:27.507Z [INFO]: Received GET request for /api/v1/products?page=1&limit=30
2024-11-18T15:33:27.511Z [INFO]: Fetching all products with pagination
2024-11-18T15:33:33.507Z [INFO]: Received POST request for /api/v1/products/likes/product/like
2024-11-18T15:33:33.508Z [INFO]: Liking a product
2024-11-18T15:33:41.556Z [INFO]: Received GET request for /api/v1/products?page=2&limit=30
2024-11-18T15:33:41.556Z [INFO]: Fetching all products with pagination
2024-11-18T15:34:14.811Z [INFO]: Received GET request for /api/v1/products?page=1&limit=30
2024-11-18T15:34:14.826Z [INFO]: Fetching all products with pagination
2024-11-18T15:34:16.203Z [INFO]: Received GET request for /api/v1/products?page=2&limit=30
2024-11-18T15:34:16.205Z [INFO]: Fetching all products with pagination
2024-11-18T15:34:54.093Z [INFO]: Received GET request for /api/v1/products/6715c8f80443e9f82b4eea5a
2024-11-18T15:34:55.159Z [INFO]: Received GET request for /api/v1/products/6715c8f80443e9f82b4eea5a
2024-11-18T15:34:57.176Z [INFO]: Received GET request for /api/v1/products/6715c8f80443e9f82b4eea5a
2024-11-18T15:35:01.185Z [INFO]: Received GET request for /api/v1/products/6715c8f80443e9f82b4eea5a
2024-11-18T15:35:34.010Z [INFO]: Received GET request for /api/v1/products?page=1&limit=30
2024-11-18T15:35:34.014Z [INFO]: Fetching all products with pagination
2024-11-18T15:35:36.553Z [INFO]: Received POST request for /api/v1/users
2024-11-18T15:35:36.554Z [INFO]: Creating a new user
2024-11-18T15:35:49.066Z [INFO]: Received GET request for /api/v1/products?page=1&limit=30
2024-11-18T15:35:49.071Z [INFO]: Fetching all products with pagination
2024-11-18T15:36:08.185Z [INFO]: Received GET request for /api/v1/products/6715c9fb0443e9f82b4eea5c
2024-11-18T15:36:09.206Z [INFO]: Received GET request for /api/v1/products/6715c9fb0443e9f82b4eea5c
2024-11-18T15:36:11.256Z [INFO]: Received GET request for /api/v1/products/6715c9fb0443e9f82b4eea5c
2024-11-18T15:36:15.285Z [INFO]: Received GET request for /api/v1/products/6715c9fb0443e9f82b4eea5c
2024-11-18T15:36:28.610Z [INFO]: Received GET request for /api/v1/products/6715c9fb0443e9f82b4eea5c
2024-11-18T15:36:29.621Z [INFO]: Received GET request for /api/v1/products/6715c9fb0443e9f82b4eea5c
2024-11-18T15:36:31.632Z [INFO]: Received GET request for /api/v1/products/6715c9fb0443e9f82b4eea5c
2024-11-18T15:36:35.642Z [INFO]: Received GET request for /api/v1/products/6715c9fb0443e9f82b4eea5c
2024-11-18T15:37:17.228Z [INFO]: Received POST request for /api/v1/users
2024-11-18T15:37:17.235Z [INFO]: Creating a new user
2024-11-18T15:37:23.721Z [INFO]: Received POST request for /api/v1/users
2024-11-18T15:37:23.721Z [INFO]: Creating a new user
2024-11-18T15:37:35.744Z [INFO]: Received POST request for /api/v1/users
2024-11-18T15:37:35.745Z [INFO]: Creating a new user
2024-11-18T15:37:44.419Z [INFO]: Received POST request for /api/v1/users
2024-11-18T15:37:44.419Z [INFO]: Creating a new user
2024-11-18T15:40:17.364Z [INFO]: Received GET request for /api/v1/products
2024-11-18T15:40:17.367Z [INFO]: Fetching all products with pagination
2024-11-18T15:45:36.900Z [INFO]: Received GET request for /api/v1/products?page=1&limit=30
2024-11-18T15:45:36.904Z [INFO]: Fetching all products with pagination
2024-11-18T15:45:38.263Z [INFO]: Received POST request for /api/v1/users
2024-11-18T15:45:38.265Z [INFO]: Creating a new user
2024-11-18T15:45:39.736Z [INFO]: Received GET request for /api/v1/products?page=1&limit=30
2024-11-18T15:45:39.736Z [INFO]: Fetching all products with pagination
2024-11-18T15:46:27.026Z [INFO]: Received POST request for /api/v1/users
2024-11-18T15:46:27.030Z [INFO]: Creating a new user
2024-11-18T15:47:22.598Z [INFO]: Received GET request for /api/v1/users/sellers/all
2024-11-18T15:47:33.450Z [INFO]: Received GET request for /api/v1/products/iReDydgc9YY
2024-11-18T15:47:33.457Z [INFO]: Received GET request for /api/v1/products/tH9bp-rnn94
2024-11-18T15:47:33.461Z [INFO]: Received GET request for /api/v1/products/undefined
2024-11-18T15:47:33.462Z [INFO]: Received GET request for /api/v1/products/Qmys5PsrTnc
2024-11-18T15:47:33.469Z [INFO]: Received GET request for /api/v1/products/GuUhOE9_yUQ
2024-11-18T15:47:33.475Z [INFO]: Received GET request for /api/v1/products/jjgozjt9Ass
2024-11-18T15:47:33.483Z [INFO]: Received GET request for /api/v1/products/SnxD991_9RY
2024-11-18T15:47:49.608Z [INFO]: Received GET request for /api/v1/products?page=1&limit=30
2024-11-18T15:47:49.610Z [INFO]: Fetching all products with pagination
2024-11-18T15:47:51.233Z [INFO]: Received GET request for /api/v1/products?page=1&limit=30
2024-11-18T15:47:51.234Z [INFO]: Fetching all products with pagination
2024-11-18T15:47:57.653Z [INFO]: Received GET request for /api/v1/products/6715cd790443e9f82b4eea62
2024-11-18T15:47:58.678Z [INFO]: Received GET request for /api/v1/products/6715cd790443e9f82b4eea62
2024-11-18T15:48:00.687Z [INFO]: Received GET request for /api/v1/products/6715cd790443e9f82b4eea62
2024-11-18T15:48:04.707Z [INFO]: Received GET request for /api/v1/products/6715cd790443e9f82b4eea62
2024-11-18T15:48:48.005Z [INFO]: Received GET request for /api/v1/products?page=1&limit=30
2024-11-18T15:48:48.013Z [INFO]: Fetching all products with pagination
2024-11-18T15:48:49.638Z [INFO]: Received GET request for /api/v1/products?page=1&limit=30
2024-11-18T15:48:49.639Z [INFO]: Fetching all products with pagination
2024-11-18T15:48:51.719Z [INFO]: Received GET request for /api/v1/products/6715cd790443e9f82b4eea62
2024-11-18T15:48:52.737Z [INFO]: Received GET request for /api/v1/products/6715cd790443e9f82b4eea62
2024-11-18T15:48:54.746Z [INFO]: Received GET request for /api/v1/products/6715cd790443e9f82b4eea62
2024-11-18T15:48:58.758Z [INFO]: Received GET request for /api/v1/products/6715cd790443e9f82b4eea62
2024-11-18T15:55:59.368Z [INFO]: Received GET request for /api/v1/products/6715cd790443e9f82b4eea62
2024-11-18T15:56:00.901Z [INFO]: Received GET request for /api/v1/products/6715cd790443e9f82b4eea62
2024-11-18T15:56:02.917Z [INFO]: Received GET request for /api/v1/products/6715cd790443e9f82b4eea62
2024-11-18T15:56:06.948Z [INFO]: Received GET request for /api/v1/products/6715cd790443e9f82b4eea62
2024-11-18T15:57:34.588Z [INFO]: Received GET request for /api/v1/products/6715cd790443e9f82b4eea62
2024-11-18T15:57:35.739Z [INFO]: Received GET request for /api/v1/products/6715cd790443e9f82b4eea62
2024-11-18T15:57:37.747Z [INFO]: Received GET request for /api/v1/products/6715cd790443e9f82b4eea62
2024-11-18T15:57:41.761Z [INFO]: Received GET request for /api/v1/products/6715cd790443e9f82b4eea62
2024-11-18T16:00:35.075Z [INFO]: Received GET request for /api/v1/products/6715cd790443e9f82b4eea62
2024-11-18T16:00:36.504Z [INFO]: Received GET request for /api/v1/products/6715cd790443e9f82b4eea62
2024-11-18T16:00:38.515Z [INFO]: Received GET request for /api/v1/products/6715cd790443e9f82b4eea62
2024-11-18T16:00:42.525Z [INFO]: Received GET request for /api/v1/products/6715cd790443e9f82b4eea62
2024-11-18T16:01:28.217Z [INFO]: Server is running successfully on PORT 8080
2024-11-18T16:01:36.958Z [INFO]: Received GET request for /api/v1/products/6715cd790443e9f82b4eea62
2024-11-18T16:01:38.023Z [INFO]: Received GET request for /api/v1/products/6715cd790443e9f82b4eea62
2024-11-18T16:01:40.033Z [INFO]: Received GET request for /api/v1/products/6715cd790443e9f82b4eea62
2024-11-18T16:01:44.044Z [INFO]: Received GET request for /api/v1/products/6715cd790443e9f82b4eea62
2024-11-18T16:01:47.602Z [INFO]: Received GET request for /api/v1/products/6715cd790443e9f82b4eea62
2024-11-18T16:01:48.611Z [INFO]: Received GET request for /api/v1/products/6715cd790443e9f82b4eea62
2024-11-18T16:01:50.623Z [INFO]: Received GET request for /api/v1/products/6715cd790443e9f82b4eea62
2024-11-18T16:01:54.634Z [INFO]: Received GET request for /api/v1/products/6715cd790443e9f82b4eea62
2024-11-18T16:01:56.571Z [INFO]: Received GET request for /api/v1/products/6715cd790443e9f82b4eea62
2024-11-18T16:01:57.580Z [INFO]: Received GET request for /api/v1/products/6715cd790443e9f82b4eea62
2024-11-18T16:01:59.589Z [INFO]: Received GET request for /api/v1/products/6715cd790443e9f82b4eea62
2024-11-18T16:02:03.627Z [INFO]: Received GET request for /api/v1/products/6715cd790443e9f82b4eea62
2024-11-18T16:02:13.786Z [INFO]: Received GET request for /api/v1/products/6715cd790443e9f82b4eea62
2024-11-18T16:02:20.959Z [INFO]: Received GET request for /api/v1/products/6715cd790443e9f82b4eea62
2024-11-18T16:02:21.775Z [INFO]: Received POST request for /api/v1/users
2024-11-18T16:02:21.776Z [INFO]: Creating a new user
2024-11-18T16:02:22.192Z [INFO]: Received GET request for /api/v1/products/6715cd790443e9f82b4eea62
2024-11-18T16:02:24.249Z [INFO]: Received GET request for /api/v1/products/6715cd790443e9f82b4eea62
2024-11-18T16:02:28.292Z [INFO]: Received GET request for /api/v1/products/6715cd790443e9f82b4eea62
2024-11-18T16:04:14.645Z [INFO]: Received GET request for /api/v1/products/6715cd790443e9f82b4eea62
2024-11-18T16:04:15.693Z [INFO]: Received GET request for /api/v1/products/6715cd790443e9f82b4eea62
2024-11-18T16:04:17.708Z [INFO]: Received GET request for /api/v1/products/6715cd790443e9f82b4eea62
2024-11-18T16:04:21.742Z [INFO]: Received GET request for /api/v1/products/6715cd790443e9f82b4eea62
2024-11-18T21:49:21.495Z [INFO]: Received GET request for /api/v1/products?page=1&limit=30
2024-11-18T21:49:21.503Z [INFO]: Fetching all products with pagination
2024-11-18T21:49:28.591Z [INFO]: Received POST request for /api/v1/users
2024-11-18T21:49:28.594Z [INFO]: Creating a new user
2024-11-18T21:49:28.801Z [INFO]: Received GET request for /api/v1/products?page=1&limit=30
2024-11-18T21:49:28.801Z [INFO]: Fetching all products with pagination
2024-11-18T21:49:41.558Z [INFO]: Received GET request for /api/v1/products?page=1&limit=30
2024-11-18T21:49:41.560Z [INFO]: Fetching all products with pagination
2024-11-18T21:52:01.164Z [INFO]: Received GET request for /api/v1/products?page=1&limit=30
2024-11-18T21:52:01.179Z [INFO]: Fetching all products with pagination
2024-11-18T21:52:08.870Z [INFO]: Received GET request for /api/v1/products?page=1&limit=30
2024-11-18T21:52:08.874Z [INFO]: Fetching all products with pagination
2024-11-18T21:52:46.483Z [INFO]: Received GET request for /api/v1/products?page=1&limit=30
2024-11-18T21:52:46.490Z [INFO]: Fetching all products with pagination
2024-11-18T21:52:47.050Z [INFO]: Received POST request for /api/v1/users
2024-11-18T21:52:47.051Z [INFO]: Creating a new user
2024-11-18T21:52:51.348Z [INFO]: Received GET request for /api/v1/products?page=1&limit=30
2024-11-18T21:52:51.350Z [INFO]: Fetching all products with pagination
2024-11-18T21:53:51.862Z [INFO]: Received GET request for /api/v1/products?page=2&limit=30
2024-11-18T21:53:51.868Z [INFO]: Fetching all products with pagination
2024-11-18T21:54:04.267Z [INFO]: Received GET request for /api/v1/categories
2024-11-18T21:54:04.285Z [INFO]: Fetching all categories
2024-11-18T21:54:33.391Z [INFO]: Received POST request for /api/v1/users
2024-11-18T21:54:33.399Z [INFO]: Creating a new user
2024-11-18T21:55:18.571Z [INFO]: Received GET request for /api/v1/products?page=1&limit=30
2024-11-18T21:55:18.573Z [INFO]: Fetching all products with pagination
2024-11-18T21:55:19.230Z [INFO]: Received GET request for /api/v1/categories
2024-11-18T21:55:19.230Z [INFO]: Fetching all categories
2024-11-18T21:55:45.132Z [INFO]: Received GET request for /api/v1/products?page=1&limit=30
2024-11-18T21:55:45.135Z [INFO]: Fetching all products with pagination
2024-11-18T21:55:46.772Z [INFO]: Received POST request for /api/v1/users
2024-11-18T21:55:46.773Z [INFO]: Creating a new user
2024-11-18T21:55:48.409Z [INFO]: Received GET request for /api/v1/products?page=1&limit=30
2024-11-18T21:55:48.409Z [INFO]: Fetching all products with pagination
2024-11-18T21:56:03.106Z [INFO]: Received GET request for /api/v1/products?page=1&limit=30
2024-11-18T21:56:03.106Z [INFO]: Fetching all products with pagination
2024-11-18T21:56:03.660Z [INFO]: Received GET request for /api/v1/categories
2024-11-18T21:56:03.660Z [INFO]: Fetching all categories
2024-11-18T21:58:00.241Z [INFO]: Received GET request for /api/v1/products?page=1&limit=30
2024-11-18T21:58:00.244Z [INFO]: Fetching all products with pagination
2024-11-18T21:58:02.598Z [INFO]: Received POST request for /api/v1/users
2024-11-18T21:58:02.635Z [INFO]: Creating a new user
2024-11-18T21:58:04.356Z [INFO]: Received GET request for /api/v1/categories
2024-11-18T21:58:04.357Z [INFO]: Fetching all categories
2024-11-18T21:58:05.267Z [INFO]: Received GET request for /api/v1/products?page=1&limit=30
2024-11-18T21:58:05.267Z [INFO]: Fetching all products with pagination
2024-11-18T21:59:04.215Z [INFO]: Received GET request for /api/v1/products?page=1&limit=30
2024-11-18T21:59:04.217Z [INFO]: Fetching all products with pagination
2024-11-18T21:59:05.639Z [INFO]: Received POST request for /api/v1/users
2024-11-18T21:59:05.639Z [INFO]: Creating a new user
2024-11-18T21:59:06.616Z [INFO]: Received GET request for /api/v1/products?page=1&limit=30
2024-11-18T21:59:06.620Z [INFO]: Fetching all products with pagination
2024-11-18T21:59:08.967Z [INFO]: Received GET request for /api/v1/categories
2024-11-18T21:59:08.967Z [INFO]: Fetching all categories
2024-11-18T22:00:00.352Z [INFO]: Received GET request for /api/v1/categories
2024-11-18T22:00:00.362Z [INFO]: Fetching all categories
2024-11-18T22:03:08.387Z [INFO]: Received GET request for /api/v1/categories
2024-11-18T22:03:08.392Z [INFO]: Fetching all categories
2024-11-18T22:03:15.628Z [INFO]: Received GET request for /api/v1/categories
2024-11-18T22:03:15.629Z [INFO]: Fetching all categories
2024-11-18T22:06:34.717Z [INFO]: Server is running successfully on PORT 8080
